==========================================
SLURM_JOB_ID = 3000940
SLURM_SUBMIT_DIR = /home/ijyliu/repo/ECMA-31330-Project/Source
SLURM_JOB_NODELIST = mcn01
==========================================
began compiling results
Traceback (most recent call last):
  File "Parallel_Compile_Results.py", line 22, in <module>
    full_sim_results = pd.concat(load_files(data_files))
  File "/apps/python/3.6/lib/python3.6/site-packages/pandas/core/reshape/concat.py", line 284, in concat
    sort=sort,
  File "/apps/python/3.6/lib/python3.6/site-packages/pandas/core/reshape/concat.py", line 328, in __init__
    objs = list(objs)
  File "Parallel_Compile_Results.py", line 19, in load_files
    yield (pd.read_csv(filename))
  File "/apps/python/3.6/lib/python3.6/site-packages/pandas/io/parsers.py", line 688, in read_csv
    return _read(filepath_or_buffer, kwds)
  File "/apps/python/3.6/lib/python3.6/site-packages/pandas/io/parsers.py", line 454, in _read
    parser = TextFileReader(fp_or_buf, **kwds)
  File "/apps/python/3.6/lib/python3.6/site-packages/pandas/io/parsers.py", line 948, in __init__
    self._make_engine(self.engine)
  File "/apps/python/3.6/lib/python3.6/site-packages/pandas/io/parsers.py", line 1180, in _make_engine
    self._engine = CParserWrapper(self.f, **self.options)
  File "/apps/python/3.6/lib/python3.6/site-packages/pandas/io/parsers.py", line 2010, in __init__
    self._reader = parsers.TextReader(src, **kwds)
  File "pandas/_libs/parsers.pyx", line 382, in pandas._libs.parsers.TextReader.__cinit__
  File "pandas/_libs/parsers.pyx", line 674, in pandas._libs.parsers.TextReader._setup_parser_source
FileNotFoundError: [Errno 2] No such file or directory: 'sim_results_22.csv'
