==========================================
SLURM_JOB_ID = 3000982
SLURM_SUBMIT_DIR = /home/ijyliu/repo/ECMA-31330-Project/Source
SLURM_JOB_NODELIST = mcn01
==========================================
/home/ijyliu/repo/ECMA-31330-Project/Source/ME_Setup.py:104: RuntimeWarning: Degrees of freedom <= 0 for slice
  beta_IV = np.cov(Y, Z)[0,1] / np.cov(mismeasured_X[:, 0].reshape(N, 1), Z)[0,1]
/apps/python/3.6/lib/python3.6/site-packages/numpy/lib/function_base.py:2480: RuntimeWarning: divide by zero encountered in true_divide
  c *= np.true_divide(1, fact)
/apps/python/3.6/lib/python3.6/site-packages/numpy/lib/function_base.py:2480: RuntimeWarning: invalid value encountered in multiply
  c *= np.true_divide(1, fact)
slurm job array number: 0
32_parameter_combos.csv
Unnamed: 0               0
N                      100
rho                    0.8
p                        3
kappa                  0.1
beta          beta_combo_1
me              me_combo_1
beta_list        [1, 1, 1]
me_list         [10, 0, 0]
Name: 0, dtype: object
                0    1    2  3  ...             5           6          7           8
index  Unnamed: 0    N  rho  p  ...          beta          me  beta_list     me_list
0               0  100  0.8  3  ...  beta_combo_1  me_combo_1  [1, 1, 1]  [10, 0, 0]

[2 rows x 9 columns]
RangeIndex(start=0, stop=9, step=1)
index Unnamed: 0    N  rho  p  ...          beta          me  beta_list     me_list
0              0  100  0.8  3  ...  beta_combo_1  me_combo_1  [1, 1, 1]  [10, 0, 0]

[1 rows x 9 columns]
Index(['Unnamed: 0', 'N', 'rho', 'p', 'kappa', 'beta', 'me', 'beta_list',
       'me_list'],
      dtype='object', name='index')
[pca] >Column labels are auto-completed.
[pca] >Row labels are auto-completed.
[pca] >The PCA reduction is performed to capture [95.0%] explained variance using the [3] columns of the input data.
[pca] >Fitting using PCA..
[pca] >Computing loadings and PCs..
[pca] >Computing explained variance..
[pca] >Number of components is [3] that covers the [95.00%] explained variance.
[pca] >Outlier detection using Hotelling T2 test with alpha=[0.05] and n_components=[3]
[pca] >Outlier detection using SPE/DmodX with n_std=[2]
index Unnamed: 0    N  rho  p  ...  ols_true ols_mismeasured       pcr  iv
0              0  100  0.8  3  ...  0.882558        0.123917  0.670352 NaN

[1 rows x 13 columns]
completed sims
==========================================
SLURM_JOB_ID = 3000992
SLURM_SUBMIT_DIR = /home/ijyliu/repo/ECMA-31330-Project/Source
SLURM_JOB_NODELIST = mcn01
==========================================
/home/ijyliu/repo/ECMA-31330-Project/Source/ME_Setup.py:104: RuntimeWarning: Degrees of freedom <= 0 for slice
  beta_IV = np.cov(Y, Z)[0,1] / np.cov(mismeasured_X[:, 0].reshape(N, 1), Z)[0,1]
/apps/python/3.6/lib/python3.6/site-packages/numpy/lib/function_base.py:2480: RuntimeWarning: divide by zero encountered in true_divide
  c *= np.true_divide(1, fact)
/apps/python/3.6/lib/python3.6/site-packages/numpy/lib/function_base.py:2480: RuntimeWarning: invalid value encountered in multiply
  c *= np.true_divide(1, fact)
slurm job array number: 10
32_parameter_combos.csv
Unnamed: 0              10
N                      100
rho                    0.9
p                        3
kappa                  0.1
beta          beta_combo_2
me              me_combo_1
beta_list        [2, 1, 1]
me_list         [10, 0, 0]
Name: 10, dtype: object
                0    1    2  3  ...             5           6          7           8
index  Unnamed: 0    N  rho  p  ...          beta          me  beta_list     me_list
10             10  100  0.9  3  ...  beta_combo_2  me_combo_1  [2, 1, 1]  [10, 0, 0]

[2 rows x 9 columns]
RangeIndex(start=0, stop=9, step=1)
index Unnamed: 0    N  rho  p  ...          beta          me  beta_list     me_list
10            10  100  0.9  3  ...  beta_combo_2  me_combo_1  [2, 1, 1]  [10, 0, 0]

[1 rows x 9 columns]
Index(['Unnamed: 0', 'N', 'rho', 'p', 'kappa', 'beta', 'me', 'beta_list',
       'me_list'],
      dtype='object', name='index')
[pca] >Column labels are auto-completed.
[pca] >Row labels are auto-completed.
[pca] >The PCA reduction is performed to capture [95.0%] explained variance using the [3] columns of the input data.
[pca] >Fitting using PCA..
[pca] >Computing loadings and PCs..
[pca] >Computing explained variance..
[pca] >Number of components is [2] that covers the [95.00%] explained variance.
[pca] >Outlier detection using Hotelling T2 test with alpha=[0.05] and n_components=[3]
[pca] >Outlier detection using SPE/DmodX with n_std=[2]
index Unnamed: 0    N  rho  p  ...  ols_true ols_mismeasured      pcr  iv
10            10  100  0.9  3  ...  0.929018        0.361019 -0.64453 NaN

[1 rows x 13 columns]
completed sims
==========================================
SLURM_JOB_ID = 3000993
SLURM_SUBMIT_DIR = /home/ijyliu/repo/ECMA-31330-Project/Source
SLURM_JOB_NODELIST = mcn01
==========================================
/home/ijyliu/repo/ECMA-31330-Project/Source/ME_Setup.py:104: RuntimeWarning: Degrees of freedom <= 0 for slice
  beta_IV = np.cov(Y, Z)[0,1] / np.cov(mismeasured_X[:, 0].reshape(N, 1), Z)[0,1]
/apps/python/3.6/lib/python3.6/site-packages/numpy/lib/function_base.py:2480: RuntimeWarning: divide by zero encountered in true_divide
  c *= np.true_divide(1, fact)
/apps/python/3.6/lib/python3.6/site-packages/numpy/lib/function_base.py:2480: RuntimeWarning: invalid value encountered in multiply
  c *= np.true_divide(1, fact)
slurm job array number: 11
32_parameter_combos.csv
Unnamed: 0              11
N                      100
rho                    0.9
p                        3
kappa                  0.1
beta          beta_combo_2
me              me_combo_2
beta_list        [2, 1, 1]
me_list          [2, 0, 0]
Name: 11, dtype: object
                0    1    2  3  ...             5           6          7          8
index  Unnamed: 0    N  rho  p  ...          beta          me  beta_list    me_list
11             11  100  0.9  3  ...  beta_combo_2  me_combo_2  [2, 1, 1]  [2, 0, 0]

[2 rows x 9 columns]
RangeIndex(start=0, stop=9, step=1)
index Unnamed: 0    N  rho  p  ...          beta          me  beta_list    me_list
11            11  100  0.9  3  ...  beta_combo_2  me_combo_2  [2, 1, 1]  [2, 0, 0]

[1 rows x 9 columns]
Index(['Unnamed: 0', 'N', 'rho', 'p', 'kappa', 'beta', 'me', 'beta_list',
       'me_list'],
      dtype='object', name='index')
[pca] >Column labels are auto-completed.
[pca] >Row labels are auto-completed.
[pca] >The PCA reduction is performed to capture [95.0%] explained variance using the [3] columns of the input data.
[pca] >Fitting using PCA..
[pca] >Computing loadings and PCs..
[pca] >Computing explained variance..
[pca] >Number of components is [2] that covers the [95.00%] explained variance.
[pca] >Outlier detection using Hotelling T2 test with alpha=[0.05] and n_components=[3]
[pca] >Outlier detection using SPE/DmodX with n_std=[2]
index Unnamed: 0    N  rho  p  ...  ols_true ols_mismeasured       pcr  iv
11            11  100  0.9  3  ...  0.955063        0.634491 -0.607564 NaN

[1 rows x 13 columns]
completed sims
==========================================
SLURM_JOB_ID = 3000994
SLURM_SUBMIT_DIR = /home/ijyliu/repo/ECMA-31330-Project/Source
SLURM_JOB_NODELIST = mcn01
==========================================
/home/ijyliu/repo/ECMA-31330-Project/Source/ME_Setup.py:104: RuntimeWarning: Degrees of freedom <= 0 for slice
  beta_IV = np.cov(Y, Z)[0,1] / np.cov(mismeasured_X[:, 0].reshape(N, 1), Z)[0,1]
/apps/python/3.6/lib/python3.6/site-packages/numpy/lib/function_base.py:2480: RuntimeWarning: divide by zero encountered in true_divide
  c *= np.true_divide(1, fact)
/apps/python/3.6/lib/python3.6/site-packages/numpy/lib/function_base.py:2480: RuntimeWarning: invalid value encountered in multiply
  c *= np.true_divide(1, fact)
slurm job array number: 12
32_parameter_combos.csv
Unnamed: 0              12
N                      100
rho                    0.9
p                        3
kappa                  0.9
beta          beta_combo_1
me              me_combo_1
beta_list        [1, 1, 1]
me_list         [10, 0, 0]
Name: 12, dtype: object
                0    1    2  3  ...             5           6          7           8
index  Unnamed: 0    N  rho  p  ...          beta          me  beta_list     me_list
12             12  100  0.9  3  ...  beta_combo_1  me_combo_1  [1, 1, 1]  [10, 0, 0]

[2 rows x 9 columns]
RangeIndex(start=0, stop=9, step=1)
index Unnamed: 0    N  rho  p  ...          beta          me  beta_list     me_list
12            12  100  0.9  3  ...  beta_combo_1  me_combo_1  [1, 1, 1]  [10, 0, 0]

[1 rows x 9 columns]
Index(['Unnamed: 0', 'N', 'rho', 'p', 'kappa', 'beta', 'me', 'beta_list',
       'me_list'],
      dtype='object', name='index')
[pca] >Column labels are auto-completed.
[pca] >Row labels are auto-completed.
[pca] >The PCA reduction is performed to capture [95.0%] explained variance using the [3] columns of the input data.
[pca] >Fitting using PCA..
[pca] >Computing loadings and PCs..
[pca] >Computing explained variance..
[pca] >Number of components is [2] that covers the [95.00%] explained variance.
[pca] >Outlier detection using Hotelling T2 test with alpha=[0.05] and n_components=[3]
[pca] >Outlier detection using SPE/DmodX with n_std=[2]
index Unnamed: 0    N  rho  p  ...  ols_true ols_mismeasured       pcr  iv
12            12  100  0.9  3  ...  0.919104        0.211063 -0.657328 NaN

[1 rows x 13 columns]
completed sims
==========================================
SLURM_JOB_ID = 3000995
SLURM_SUBMIT_DIR = /home/ijyliu/repo/ECMA-31330-Project/Source
SLURM_JOB_NODELIST = mcn31
==========================================
/home/ijyliu/repo/ECMA-31330-Project/Source/ME_Setup.py:104: RuntimeWarning: Degrees of freedom <= 0 for slice
  beta_IV = np.cov(Y, Z)[0,1] / np.cov(mismeasured_X[:, 0].reshape(N, 1), Z)[0,1]
/apps/python/3.6/lib/python3.6/site-packages/numpy/lib/function_base.py:2480: RuntimeWarning: divide by zero encountered in true_divide
  c *= np.true_divide(1, fact)
/apps/python/3.6/lib/python3.6/site-packages/numpy/lib/function_base.py:2480: RuntimeWarning: invalid value encountered in multiply
  c *= np.true_divide(1, fact)
slurm job array number: 13
32_parameter_combos.csv
Unnamed: 0              13
N                      100
rho                    0.9
p                        3
kappa                  0.9
beta          beta_combo_1
me              me_combo_2
beta_list        [1, 1, 1]
me_list          [2, 0, 0]
Name: 13, dtype: object
                0    1    2  3  ...             5           6          7          8
index  Unnamed: 0    N  rho  p  ...          beta          me  beta_list    me_list
13             13  100  0.9  3  ...  beta_combo_1  me_combo_2  [1, 1, 1]  [2, 0, 0]

[2 rows x 9 columns]
RangeIndex(start=0, stop=9, step=1)
index Unnamed: 0    N  rho  p  ...          beta          me  beta_list    me_list
13            13  100  0.9  3  ...  beta_combo_1  me_combo_2  [1, 1, 1]  [2, 0, 0]

[1 rows x 9 columns]
Index(['Unnamed: 0', 'N', 'rho', 'p', 'kappa', 'beta', 'me', 'beta_list',
       'me_list'],
      dtype='object', name='index')
[pca] >Column labels are auto-completed.
[pca] >Row labels are auto-completed.
[pca] >The PCA reduction is performed to capture [95.0%] explained variance using the [3] columns of the input data.
[pca] >Fitting using PCA..
[pca] >Computing loadings and PCs..
[pca] >Computing explained variance..
[pca] >Number of components is [2] that covers the [95.00%] explained variance.
[pca] >Outlier detection using Hotelling T2 test with alpha=[0.05] and n_components=[3]
[pca] >Outlier detection using SPE/DmodX with n_std=[2]
index Unnamed: 0    N  rho  p  ...  ols_true ols_mismeasured      pcr  iv
13            13  100  0.9  3  ...  0.927472        0.583445 -0.59594 NaN

[1 rows x 13 columns]
completed sims
==========================================
SLURM_JOB_ID = 3000996
SLURM_SUBMIT_DIR = /home/ijyliu/repo/ECMA-31330-Project/Source
SLURM_JOB_NODELIST = mcn31
==========================================
/home/ijyliu/repo/ECMA-31330-Project/Source/ME_Setup.py:104: RuntimeWarning: Degrees of freedom <= 0 for slice
  beta_IV = np.cov(Y, Z)[0,1] / np.cov(mismeasured_X[:, 0].reshape(N, 1), Z)[0,1]
/apps/python/3.6/lib/python3.6/site-packages/numpy/lib/function_base.py:2480: RuntimeWarning: divide by zero encountered in true_divide
  c *= np.true_divide(1, fact)
/apps/python/3.6/lib/python3.6/site-packages/numpy/lib/function_base.py:2480: RuntimeWarning: invalid value encountered in multiply
  c *= np.true_divide(1, fact)
slurm job array number: 14
32_parameter_combos.csv
Unnamed: 0              14
N                      100
rho                    0.9
p                        3
kappa                  0.9
beta          beta_combo_2
me              me_combo_1
beta_list        [2, 1, 1]
me_list         [10, 0, 0]
Name: 14, dtype: object
                0    1    2  3  ...             5           6          7           8
index  Unnamed: 0    N  rho  p  ...          beta          me  beta_list     me_list
14             14  100  0.9  3  ...  beta_combo_2  me_combo_1  [2, 1, 1]  [10, 0, 0]

[2 rows x 9 columns]
RangeIndex(start=0, stop=9, step=1)
index Unnamed: 0    N  rho  p  ...          beta          me  beta_list     me_list
14            14  100  0.9  3  ...  beta_combo_2  me_combo_1  [2, 1, 1]  [10, 0, 0]

[1 rows x 9 columns]
Index(['Unnamed: 0', 'N', 'rho', 'p', 'kappa', 'beta', 'me', 'beta_list',
       'me_list'],
      dtype='object', name='index')
[pca] >Column labels are auto-completed.
[pca] >Row labels are auto-completed.
[pca] >The PCA reduction is performed to capture [95.0%] explained variance using the [3] columns of the input data.
[pca] >Fitting using PCA..
[pca] >Computing loadings and PCs..
[pca] >Computing explained variance..
[pca] >Number of components is [2] that covers the [95.00%] explained variance.
[pca] >Outlier detection using Hotelling T2 test with alpha=[0.05] and n_components=[3]
[pca] >Outlier detection using SPE/DmodX with n_std=[2]
index Unnamed: 0    N  rho  p  ...  ols_true ols_mismeasured       pcr  iv
14            14  100  0.9  3  ...  0.953231        0.188093  0.673625 NaN

[1 rows x 13 columns]
completed sims
==========================================
SLURM_JOB_ID = 3000997
SLURM_SUBMIT_DIR = /home/ijyliu/repo/ECMA-31330-Project/Source
SLURM_JOB_NODELIST = mcn31
==========================================
/home/ijyliu/repo/ECMA-31330-Project/Source/ME_Setup.py:104: RuntimeWarning: Degrees of freedom <= 0 for slice
  beta_IV = np.cov(Y, Z)[0,1] / np.cov(mismeasured_X[:, 0].reshape(N, 1), Z)[0,1]
/apps/python/3.6/lib/python3.6/site-packages/numpy/lib/function_base.py:2480: RuntimeWarning: divide by zero encountered in true_divide
  c *= np.true_divide(1, fact)
/apps/python/3.6/lib/python3.6/site-packages/numpy/lib/function_base.py:2480: RuntimeWarning: invalid value encountered in multiply
  c *= np.true_divide(1, fact)
slurm job array number: 15
32_parameter_combos.csv
Unnamed: 0              15
N                      100
rho                    0.9
p                        3
kappa                  0.9
beta          beta_combo_2
me              me_combo_2
beta_list        [2, 1, 1]
me_list          [2, 0, 0]
Name: 15, dtype: object
                0    1    2  3  ...             5           6          7          8
index  Unnamed: 0    N  rho  p  ...          beta          me  beta_list    me_list
15             15  100  0.9  3  ...  beta_combo_2  me_combo_2  [2, 1, 1]  [2, 0, 0]

[2 rows x 9 columns]
RangeIndex(start=0, stop=9, step=1)
index Unnamed: 0    N  rho  p  ...          beta          me  beta_list    me_list
15            15  100  0.9  3  ...  beta_combo_2  me_combo_2  [2, 1, 1]  [2, 0, 0]

[1 rows x 9 columns]
Index(['Unnamed: 0', 'N', 'rho', 'p', 'kappa', 'beta', 'me', 'beta_list',
       'me_list'],
      dtype='object', name='index')
[pca] >Column labels are auto-completed.
[pca] >Row labels are auto-completed.
[pca] >The PCA reduction is performed to capture [95.0%] explained variance using the [3] columns of the input data.
[pca] >Fitting using PCA..
[pca] >Computing loadings and PCs..
[pca] >Computing explained variance..
[pca] >Number of components is [2] that covers the [95.00%] explained variance.
[pca] >Outlier detection using Hotelling T2 test with alpha=[0.05] and n_components=[3]
[pca] >Outlier detection using SPE/DmodX with n_std=[2]
index Unnamed: 0    N  rho  p  ...  ols_true ols_mismeasured       pcr  iv
15            15  100  0.9  3  ...  0.941848         0.51116  0.615564 NaN

[1 rows x 13 columns]
completed sims
==========================================
SLURM_JOB_ID = 3000998
SLURM_SUBMIT_DIR = /home/ijyliu/repo/ECMA-31330-Project/Source
SLURM_JOB_NODELIST = mcn31
==========================================
/home/ijyliu/repo/ECMA-31330-Project/Source/ME_Setup.py:104: RuntimeWarning: Degrees of freedom <= 0 for slice
  beta_IV = np.cov(Y, Z)[0,1] / np.cov(mismeasured_X[:, 0].reshape(N, 1), Z)[0,1]
/apps/python/3.6/lib/python3.6/site-packages/numpy/lib/function_base.py:2480: RuntimeWarning: divide by zero encountered in true_divide
  c *= np.true_divide(1, fact)
/apps/python/3.6/lib/python3.6/site-packages/numpy/lib/function_base.py:2480: RuntimeWarning: invalid value encountered in multiply
  c *= np.true_divide(1, fact)
slurm job array number: 16
32_parameter_combos.csv
Unnamed: 0              16
N                     1000
rho                    0.8
p                        3
kappa                  0.1
beta          beta_combo_1
me              me_combo_1
beta_list        [1, 1, 1]
me_list         [10, 0, 0]
Name: 16, dtype: object
                0     1    2  ...           6          7           8
index  Unnamed: 0     N  rho  ...          me  beta_list     me_list
16             16  1000  0.8  ...  me_combo_1  [1, 1, 1]  [10, 0, 0]

[2 rows x 9 columns]
RangeIndex(start=0, stop=9, step=1)
index Unnamed: 0     N  rho  p  ...          beta          me  beta_list     me_list
16            16  1000  0.8  3  ...  beta_combo_1  me_combo_1  [1, 1, 1]  [10, 0, 0]

[1 rows x 9 columns]
Index(['Unnamed: 0', 'N', 'rho', 'p', 'kappa', 'beta', 'me', 'beta_list',
       'me_list'],
      dtype='object', name='index')
[pca] >Column labels are auto-completed.
[pca] >Row labels are auto-completed.
[pca] >The PCA reduction is performed to capture [95.0%] explained variance using the [3] columns of the input data.
[pca] >Fitting using PCA..
[pca] >Computing loadings and PCs..
[pca] >Computing explained variance..
[pca] >Number of components is [3] that covers the [95.00%] explained variance.
[pca] >Outlier detection using Hotelling T2 test with alpha=[0.05] and n_components=[3]
[pca] >Outlier detection using SPE/DmodX with n_std=[2]
index Unnamed: 0     N  rho  p  ...  ols_true ols_mismeasured       pcr  iv
16            16  1000  0.8  3  ...  0.878454         0.27721  0.654921 NaN

[1 rows x 13 columns]
completed sims
==========================================
SLURM_JOB_ID = 3000999
SLURM_SUBMIT_DIR = /home/ijyliu/repo/ECMA-31330-Project/Source
SLURM_JOB_NODELIST = mcn31
==========================================
/home/ijyliu/repo/ECMA-31330-Project/Source/ME_Setup.py:104: RuntimeWarning: Degrees of freedom <= 0 for slice
  beta_IV = np.cov(Y, Z)[0,1] / np.cov(mismeasured_X[:, 0].reshape(N, 1), Z)[0,1]
/apps/python/3.6/lib/python3.6/site-packages/numpy/lib/function_base.py:2480: RuntimeWarning: divide by zero encountered in true_divide
  c *= np.true_divide(1, fact)
/apps/python/3.6/lib/python3.6/site-packages/numpy/lib/function_base.py:2480: RuntimeWarning: invalid value encountered in multiply
  c *= np.true_divide(1, fact)
slurm job array number: 17
32_parameter_combos.csv
Unnamed: 0              17
N                     1000
rho                    0.8
p                        3
kappa                  0.1
beta          beta_combo_1
me              me_combo_2
beta_list        [1, 1, 1]
me_list          [2, 0, 0]
Name: 17, dtype: object
                0     1    2  3  ...             5           6          7          8
index  Unnamed: 0     N  rho  p  ...          beta          me  beta_list    me_list
17             17  1000  0.8  3  ...  beta_combo_1  me_combo_2  [1, 1, 1]  [2, 0, 0]

[2 rows x 9 columns]
RangeIndex(start=0, stop=9, step=1)
index Unnamed: 0     N  rho  p  ...          beta          me  beta_list    me_list
17            17  1000  0.8  3  ...  beta_combo_1  me_combo_2  [1, 1, 1]  [2, 0, 0]

[1 rows x 9 columns]
Index(['Unnamed: 0', 'N', 'rho', 'p', 'kappa', 'beta', 'me', 'beta_list',
       'me_list'],
      dtype='object', name='index')
[pca] >Column labels are auto-completed.
[pca] >Row labels are auto-completed.
[pca] >The PCA reduction is performed to capture [95.0%] explained variance using the [3] columns of the input data.
[pca] >Fitting using PCA..
[pca] >Computing loadings and PCs..
[pca] >Computing explained variance..
[pca] >Number of components is [3] that covers the [95.00%] explained variance.
[pca] >Outlier detection using Hotelling T2 test with alpha=[0.05] and n_components=[3]
[pca] >Outlier detection using SPE/DmodX with n_std=[2]
index Unnamed: 0     N  rho  p  ...  ols_true ols_mismeasured       pcr  iv
17            17  1000  0.8  3  ...  0.862797        0.492279 -0.612938 NaN

[1 rows x 13 columns]
completed sims
==========================================
SLURM_JOB_ID = 3001000
SLURM_SUBMIT_DIR = /home/ijyliu/repo/ECMA-31330-Project/Source
SLURM_JOB_NODELIST = mcn31
==========================================
/home/ijyliu/repo/ECMA-31330-Project/Source/ME_Setup.py:104: RuntimeWarning: Degrees of freedom <= 0 for slice
  beta_IV = np.cov(Y, Z)[0,1] / np.cov(mismeasured_X[:, 0].reshape(N, 1), Z)[0,1]
/apps/python/3.6/lib/python3.6/site-packages/numpy/lib/function_base.py:2480: RuntimeWarning: divide by zero encountered in true_divide
  c *= np.true_divide(1, fact)
/apps/python/3.6/lib/python3.6/site-packages/numpy/lib/function_base.py:2480: RuntimeWarning: invalid value encountered in multiply
  c *= np.true_divide(1, fact)
slurm job array number: 18
32_parameter_combos.csv
Unnamed: 0              18
N                     1000
rho                    0.8
p                        3
kappa                  0.1
beta          beta_combo_2
me              me_combo_1
beta_list        [2, 1, 1]
me_list         [10, 0, 0]
Name: 18, dtype: object
                0     1    2  ...           6          7           8
index  Unnamed: 0     N  rho  ...          me  beta_list     me_list
18             18  1000  0.8  ...  me_combo_1  [2, 1, 1]  [10, 0, 0]

[2 rows x 9 columns]
RangeIndex(start=0, stop=9, step=1)
index Unnamed: 0     N  rho  p  ...          beta          me  beta_list     me_list
18            18  1000  0.8  3  ...  beta_combo_2  me_combo_1  [2, 1, 1]  [10, 0, 0]

[1 rows x 9 columns]
Index(['Unnamed: 0', 'N', 'rho', 'p', 'kappa', 'beta', 'me', 'beta_list',
       'me_list'],
      dtype='object', name='index')
[pca] >Column labels are auto-completed.
[pca] >Row labels are auto-completed.
[pca] >The PCA reduction is performed to capture [95.0%] explained variance using the [3] columns of the input data.
[pca] >Fitting using PCA..
[pca] >Computing loadings and PCs..
[pca] >Computing explained variance..
[pca] >Number of components is [3] that covers the [95.00%] explained variance.
[pca] >Outlier detection using Hotelling T2 test with alpha=[0.05] and n_components=[3]
[pca] >Outlier detection using SPE/DmodX with n_std=[2]
index Unnamed: 0     N  rho  p  ...  ols_true ols_mismeasured       pcr  iv
18            18  1000  0.8  3  ...  0.926392        0.300731 -0.652861 NaN

[1 rows x 13 columns]
completed sims
==========================================
SLURM_JOB_ID = 3001001
SLURM_SUBMIT_DIR = /home/ijyliu/repo/ECMA-31330-Project/Source
SLURM_JOB_NODELIST = mcn31
==========================================
/home/ijyliu/repo/ECMA-31330-Project/Source/ME_Setup.py:104: RuntimeWarning: Degrees of freedom <= 0 for slice
  beta_IV = np.cov(Y, Z)[0,1] / np.cov(mismeasured_X[:, 0].reshape(N, 1), Z)[0,1]
/apps/python/3.6/lib/python3.6/site-packages/numpy/lib/function_base.py:2480: RuntimeWarning: divide by zero encountered in true_divide
  c *= np.true_divide(1, fact)
/apps/python/3.6/lib/python3.6/site-packages/numpy/lib/function_base.py:2480: RuntimeWarning: invalid value encountered in multiply
  c *= np.true_divide(1, fact)
slurm job array number: 19
32_parameter_combos.csv
Unnamed: 0              19
N                     1000
rho                    0.8
p                        3
kappa                  0.1
beta          beta_combo_2
me              me_combo_2
beta_list        [2, 1, 1]
me_list          [2, 0, 0]
Name: 19, dtype: object
                0     1    2  3  ...             5           6          7          8
index  Unnamed: 0     N  rho  p  ...          beta          me  beta_list    me_list
19             19  1000  0.8  3  ...  beta_combo_2  me_combo_2  [2, 1, 1]  [2, 0, 0]

[2 rows x 9 columns]
RangeIndex(start=0, stop=9, step=1)
index Unnamed: 0     N  rho  p  ...          beta          me  beta_list    me_list
19            19  1000  0.8  3  ...  beta_combo_2  me_combo_2  [2, 1, 1]  [2, 0, 0]

[1 rows x 9 columns]
Index(['Unnamed: 0', 'N', 'rho', 'p', 'kappa', 'beta', 'me', 'beta_list',
       'me_list'],
      dtype='object', name='index')
[pca] >Column labels are auto-completed.
[pca] >Row labels are auto-completed.
[pca] >The PCA reduction is performed to capture [95.0%] explained variance using the [3] columns of the input data.
[pca] >Fitting using PCA..
[pca] >Computing loadings and PCs..
[pca] >Computing explained variance..
[pca] >Number of components is [3] that covers the [95.00%] explained variance.
[pca] >Outlier detection using Hotelling T2 test with alpha=[0.05] and n_components=[3]
[pca] >Outlier detection using SPE/DmodX with n_std=[2]
index Unnamed: 0     N  rho  p  ...  ols_true ols_mismeasured       pcr  iv
19            19  1000  0.8  3  ...  0.927344        0.504523  0.631083 NaN

[1 rows x 13 columns]
completed sims
==========================================
SLURM_JOB_ID = 3000983
SLURM_SUBMIT_DIR = /home/ijyliu/repo/ECMA-31330-Project/Source
SLURM_JOB_NODELIST = mcn01
==========================================
/home/ijyliu/repo/ECMA-31330-Project/Source/ME_Setup.py:104: RuntimeWarning: Degrees of freedom <= 0 for slice
  beta_IV = np.cov(Y, Z)[0,1] / np.cov(mismeasured_X[:, 0].reshape(N, 1), Z)[0,1]
/apps/python/3.6/lib/python3.6/site-packages/numpy/lib/function_base.py:2480: RuntimeWarning: divide by zero encountered in true_divide
  c *= np.true_divide(1, fact)
/apps/python/3.6/lib/python3.6/site-packages/numpy/lib/function_base.py:2480: RuntimeWarning: invalid value encountered in multiply
  c *= np.true_divide(1, fact)
slurm job array number: 1
32_parameter_combos.csv
Unnamed: 0               1
N                      100
rho                    0.8
p                        3
kappa                  0.1
beta          beta_combo_1
me              me_combo_2
beta_list        [1, 1, 1]
me_list          [2, 0, 0]
Name: 1, dtype: object
                0    1    2  3  ...             5           6          7          8
index  Unnamed: 0    N  rho  p  ...          beta          me  beta_list    me_list
1               1  100  0.8  3  ...  beta_combo_1  me_combo_2  [1, 1, 1]  [2, 0, 0]

[2 rows x 9 columns]
RangeIndex(start=0, stop=9, step=1)
index Unnamed: 0    N  rho  p  ...          beta          me  beta_list    me_list
1              1  100  0.8  3  ...  beta_combo_1  me_combo_2  [1, 1, 1]  [2, 0, 0]

[1 rows x 9 columns]
Index(['Unnamed: 0', 'N', 'rho', 'p', 'kappa', 'beta', 'me', 'beta_list',
       'me_list'],
      dtype='object', name='index')
[pca] >Column labels are auto-completed.
[pca] >Row labels are auto-completed.
[pca] >The PCA reduction is performed to capture [95.0%] explained variance using the [3] columns of the input data.
[pca] >Fitting using PCA..
[pca] >Computing loadings and PCs..
[pca] >Computing explained variance..
[pca] >Number of components is [3] that covers the [95.00%] explained variance.
[pca] >Outlier detection using Hotelling T2 test with alpha=[0.05] and n_components=[3]
[pca] >Outlier detection using SPE/DmodX with n_std=[2]
index Unnamed: 0    N  rho  p  ...  ols_true ols_mismeasured       pcr  iv
1              1  100  0.8  3  ...  0.927656        0.632737 -0.608774 NaN

[1 rows x 13 columns]
completed sims
==========================================
SLURM_JOB_ID = 3001002
SLURM_SUBMIT_DIR = /home/ijyliu/repo/ECMA-31330-Project/Source
SLURM_JOB_NODELIST = mcn31
==========================================
/home/ijyliu/repo/ECMA-31330-Project/Source/ME_Setup.py:104: RuntimeWarning: Degrees of freedom <= 0 for slice
  beta_IV = np.cov(Y, Z)[0,1] / np.cov(mismeasured_X[:, 0].reshape(N, 1), Z)[0,1]
/apps/python/3.6/lib/python3.6/site-packages/numpy/lib/function_base.py:2480: RuntimeWarning: divide by zero encountered in true_divide
  c *= np.true_divide(1, fact)
/apps/python/3.6/lib/python3.6/site-packages/numpy/lib/function_base.py:2480: RuntimeWarning: invalid value encountered in multiply
  c *= np.true_divide(1, fact)
slurm job array number: 20
32_parameter_combos.csv
Unnamed: 0              20
N                     1000
rho                    0.8
p                        3
kappa                  0.9
beta          beta_combo_1
me              me_combo_1
beta_list        [1, 1, 1]
me_list         [10, 0, 0]
Name: 20, dtype: object
                0     1    2  ...           6          7           8
index  Unnamed: 0     N  rho  ...          me  beta_list     me_list
20             20  1000  0.8  ...  me_combo_1  [1, 1, 1]  [10, 0, 0]

[2 rows x 9 columns]
RangeIndex(start=0, stop=9, step=1)
index Unnamed: 0     N  rho  p  ...          beta          me  beta_list     me_list
20            20  1000  0.8  3  ...  beta_combo_1  me_combo_1  [1, 1, 1]  [10, 0, 0]

[1 rows x 9 columns]
Index(['Unnamed: 0', 'N', 'rho', 'p', 'kappa', 'beta', 'me', 'beta_list',
       'me_list'],
      dtype='object', name='index')
[pca] >Column labels are auto-completed.
[pca] >Row labels are auto-completed.
[pca] >The PCA reduction is performed to capture [95.0%] explained variance using the [3] columns of the input data.
[pca] >Fitting using PCA..
[pca] >Computing loadings and PCs..
[pca] >Computing explained variance..
[pca] >Number of components is [3] that covers the [95.00%] explained variance.
[pca] >Outlier detection using Hotelling T2 test with alpha=[0.05] and n_components=[3]
[pca] >Outlier detection using SPE/DmodX with n_std=[2]
index Unnamed: 0     N  rho  p  ...  ols_true ols_mismeasured       pcr  iv
20            20  1000  0.8  3  ...  0.874561        0.271488 -0.652752 NaN

[1 rows x 13 columns]
completed sims
==========================================
SLURM_JOB_ID = 3001003
SLURM_SUBMIT_DIR = /home/ijyliu/repo/ECMA-31330-Project/Source
SLURM_JOB_NODELIST = mcn31
==========================================
/home/ijyliu/repo/ECMA-31330-Project/Source/ME_Setup.py:104: RuntimeWarning: Degrees of freedom <= 0 for slice
  beta_IV = np.cov(Y, Z)[0,1] / np.cov(mismeasured_X[:, 0].reshape(N, 1), Z)[0,1]
/apps/python/3.6/lib/python3.6/site-packages/numpy/lib/function_base.py:2480: RuntimeWarning: divide by zero encountered in true_divide
  c *= np.true_divide(1, fact)
/apps/python/3.6/lib/python3.6/site-packages/numpy/lib/function_base.py:2480: RuntimeWarning: invalid value encountered in multiply
  c *= np.true_divide(1, fact)
slurm job array number: 21
32_parameter_combos.csv
Unnamed: 0              21
N                     1000
rho                    0.8
p                        3
kappa                  0.9
beta          beta_combo_1
me              me_combo_2
beta_list        [1, 1, 1]
me_list          [2, 0, 0]
Name: 21, dtype: object
                0     1    2  3  ...             5           6          7          8
index  Unnamed: 0     N  rho  p  ...          beta          me  beta_list    me_list
21             21  1000  0.8  3  ...  beta_combo_1  me_combo_2  [1, 1, 1]  [2, 0, 0]

[2 rows x 9 columns]
RangeIndex(start=0, stop=9, step=1)
index Unnamed: 0     N  rho  p  ...          beta          me  beta_list    me_list
21            21  1000  0.8  3  ...  beta_combo_1  me_combo_2  [1, 1, 1]  [2, 0, 0]

[1 rows x 9 columns]
Index(['Unnamed: 0', 'N', 'rho', 'p', 'kappa', 'beta', 'me', 'beta_list',
       'me_list'],
      dtype='object', name='index')
[pca] >Column labels are auto-completed.
[pca] >Row labels are auto-completed.
[pca] >The PCA reduction is performed to capture [95.0%] explained variance using the [3] columns of the input data.
[pca] >Fitting using PCA..
[pca] >Computing loadings and PCs..
[pca] >Computing explained variance..
[pca] >Number of components is [3] that covers the [95.00%] explained variance.
[pca] >Outlier detection using Hotelling T2 test with alpha=[0.05] and n_components=[3]
[pca] >Outlier detection using SPE/DmodX with n_std=[2]
index Unnamed: 0     N  rho  p  ... ols_true ols_mismeasured       pcr  iv
21            21  1000  0.8  3  ...   0.8614        0.480898  0.616609 NaN

[1 rows x 13 columns]
completed sims
==========================================
SLURM_JOB_ID = 3001004
SLURM_SUBMIT_DIR = /home/ijyliu/repo/ECMA-31330-Project/Source
SLURM_JOB_NODELIST = mcn31
==========================================
/home/ijyliu/repo/ECMA-31330-Project/Source/ME_Setup.py:104: RuntimeWarning: Degrees of freedom <= 0 for slice
  beta_IV = np.cov(Y, Z)[0,1] / np.cov(mismeasured_X[:, 0].reshape(N, 1), Z)[0,1]
/apps/python/3.6/lib/python3.6/site-packages/numpy/lib/function_base.py:2480: RuntimeWarning: divide by zero encountered in true_divide
  c *= np.true_divide(1, fact)
/apps/python/3.6/lib/python3.6/site-packages/numpy/lib/function_base.py:2480: RuntimeWarning: invalid value encountered in multiply
  c *= np.true_divide(1, fact)
slurm job array number: 22
32_parameter_combos.csv
Unnamed: 0              22
N                     1000
rho                    0.8
p                        3
kappa                  0.9
beta          beta_combo_2
me              me_combo_1
beta_list        [2, 1, 1]
me_list         [10, 0, 0]
Name: 22, dtype: object
                0     1    2  ...           6          7           8
index  Unnamed: 0     N  rho  ...          me  beta_list     me_list
22             22  1000  0.8  ...  me_combo_1  [2, 1, 1]  [10, 0, 0]

[2 rows x 9 columns]
RangeIndex(start=0, stop=9, step=1)
index Unnamed: 0     N  rho  p  ...          beta          me  beta_list     me_list
22            22  1000  0.8  3  ...  beta_combo_2  me_combo_1  [2, 1, 1]  [10, 0, 0]

[1 rows x 9 columns]
Index(['Unnamed: 0', 'N', 'rho', 'p', 'kappa', 'beta', 'me', 'beta_list',
       'me_list'],
      dtype='object', name='index')
[pca] >Column labels are auto-completed.
[pca] >Row labels are auto-completed.
[pca] >The PCA reduction is performed to capture [95.0%] explained variance using the [3] columns of the input data.
[pca] >Fitting using PCA..
[pca] >Computing loadings and PCs..
[pca] >Computing explained variance..
[pca] >Number of components is [3] that covers the [95.00%] explained variance.
[pca] >Outlier detection using Hotelling T2 test with alpha=[0.05] and n_components=[3]
[pca] >Outlier detection using SPE/DmodX with n_std=[2]
index Unnamed: 0     N  rho  p  ...  ols_true ols_mismeasured       pcr  iv
22            22  1000  0.8  3  ...  0.931584        0.297903 -0.654325 NaN

[1 rows x 13 columns]
completed sims
==========================================
SLURM_JOB_ID = 3001005
SLURM_SUBMIT_DIR = /home/ijyliu/repo/ECMA-31330-Project/Source
SLURM_JOB_NODELIST = mcn31
==========================================
/home/ijyliu/repo/ECMA-31330-Project/Source/ME_Setup.py:104: RuntimeWarning: Degrees of freedom <= 0 for slice
  beta_IV = np.cov(Y, Z)[0,1] / np.cov(mismeasured_X[:, 0].reshape(N, 1), Z)[0,1]
/apps/python/3.6/lib/python3.6/site-packages/numpy/lib/function_base.py:2480: RuntimeWarning: divide by zero encountered in true_divide
  c *= np.true_divide(1, fact)
/apps/python/3.6/lib/python3.6/site-packages/numpy/lib/function_base.py:2480: RuntimeWarning: invalid value encountered in multiply
  c *= np.true_divide(1, fact)
slurm job array number: 23
32_parameter_combos.csv
Unnamed: 0              23
N                     1000
rho                    0.8
p                        3
kappa                  0.9
beta          beta_combo_2
me              me_combo_2
beta_list        [2, 1, 1]
me_list          [2, 0, 0]
Name: 23, dtype: object
                0     1    2  3  ...             5           6          7          8
index  Unnamed: 0     N  rho  p  ...          beta          me  beta_list    me_list
23             23  1000  0.8  3  ...  beta_combo_2  me_combo_2  [2, 1, 1]  [2, 0, 0]

[2 rows x 9 columns]
RangeIndex(start=0, stop=9, step=1)
index Unnamed: 0     N  rho  p  ...          beta          me  beta_list    me_list
23            23  1000  0.8  3  ...  beta_combo_2  me_combo_2  [2, 1, 1]  [2, 0, 0]

[1 rows x 9 columns]
Index(['Unnamed: 0', 'N', 'rho', 'p', 'kappa', 'beta', 'me', 'beta_list',
       'me_list'],
      dtype='object', name='index')
[pca] >Column labels are auto-completed.
[pca] >Row labels are auto-completed.
[pca] >The PCA reduction is performed to capture [95.0%] explained variance using the [3] columns of the input data.
[pca] >Fitting using PCA..
[pca] >Computing loadings and PCs..
[pca] >Computing explained variance..
[pca] >Number of components is [3] that covers the [95.00%] explained variance.
[pca] >Outlier detection using Hotelling T2 test with alpha=[0.05] and n_components=[3]
[pca] >Outlier detection using SPE/DmodX with n_std=[2]
index Unnamed: 0     N  rho  p  ...  ols_true ols_mismeasured       pcr  iv
23            23  1000  0.8  3  ...  0.932746        0.553694 -0.624413 NaN

[1 rows x 13 columns]
completed sims
==========================================
SLURM_JOB_ID = 3001006
SLURM_SUBMIT_DIR = /home/ijyliu/repo/ECMA-31330-Project/Source
SLURM_JOB_NODELIST = mcn31
==========================================
/home/ijyliu/repo/ECMA-31330-Project/Source/ME_Setup.py:104: RuntimeWarning: Degrees of freedom <= 0 for slice
  beta_IV = np.cov(Y, Z)[0,1] / np.cov(mismeasured_X[:, 0].reshape(N, 1), Z)[0,1]
/apps/python/3.6/lib/python3.6/site-packages/numpy/lib/function_base.py:2480: RuntimeWarning: divide by zero encountered in true_divide
  c *= np.true_divide(1, fact)
/apps/python/3.6/lib/python3.6/site-packages/numpy/lib/function_base.py:2480: RuntimeWarning: invalid value encountered in multiply
  c *= np.true_divide(1, fact)
slurm job array number: 24
32_parameter_combos.csv
Unnamed: 0              24
N                     1000
rho                    0.9
p                        3
kappa                  0.1
beta          beta_combo_1
me              me_combo_1
beta_list        [1, 1, 1]
me_list         [10, 0, 0]
Name: 24, dtype: object
                0     1    2  ...           6          7           8
index  Unnamed: 0     N  rho  ...          me  beta_list     me_list
24             24  1000  0.9  ...  me_combo_1  [1, 1, 1]  [10, 0, 0]

[2 rows x 9 columns]
RangeIndex(start=0, stop=9, step=1)
index Unnamed: 0     N  rho  p  ...          beta          me  beta_list     me_list
24            24  1000  0.9  3  ...  beta_combo_1  me_combo_1  [1, 1, 1]  [10, 0, 0]

[1 rows x 9 columns]
Index(['Unnamed: 0', 'N', 'rho', 'p', 'kappa', 'beta', 'me', 'beta_list',
       'me_list'],
      dtype='object', name='index')
[pca] >Column labels are auto-completed.
[pca] >Row labels are auto-completed.
[pca] >The PCA reduction is performed to capture [95.0%] explained variance using the [3] columns of the input data.
[pca] >Fitting using PCA..
[pca] >Computing loadings and PCs..
[pca] >Computing explained variance..
[pca] >Number of components is [2] that covers the [95.00%] explained variance.
[pca] >Outlier detection using Hotelling T2 test with alpha=[0.05] and n_components=[3]
[pca] >Outlier detection using SPE/DmodX with n_std=[2]
index Unnamed: 0     N  rho  p  ...  ols_true ols_mismeasured       pcr  iv
24            24  1000  0.9  3  ...  0.918204         0.28317 -0.637886 NaN

[1 rows x 13 columns]
completed sims
==========================================
SLURM_JOB_ID = 3001007
SLURM_SUBMIT_DIR = /home/ijyliu/repo/ECMA-31330-Project/Source
SLURM_JOB_NODELIST = mcn31
==========================================
/home/ijyliu/repo/ECMA-31330-Project/Source/ME_Setup.py:104: RuntimeWarning: Degrees of freedom <= 0 for slice
  beta_IV = np.cov(Y, Z)[0,1] / np.cov(mismeasured_X[:, 0].reshape(N, 1), Z)[0,1]
/apps/python/3.6/lib/python3.6/site-packages/numpy/lib/function_base.py:2480: RuntimeWarning: divide by zero encountered in true_divide
  c *= np.true_divide(1, fact)
/apps/python/3.6/lib/python3.6/site-packages/numpy/lib/function_base.py:2480: RuntimeWarning: invalid value encountered in multiply
  c *= np.true_divide(1, fact)
slurm job array number: 25
32_parameter_combos.csv
Unnamed: 0              25
N                     1000
rho                    0.9
p                        3
kappa                  0.1
beta          beta_combo_1
me              me_combo_2
beta_list        [1, 1, 1]
me_list          [2, 0, 0]
Name: 25, dtype: object
                0     1    2  3  ...             5           6          7          8
index  Unnamed: 0     N  rho  p  ...          beta          me  beta_list    me_list
25             25  1000  0.9  3  ...  beta_combo_1  me_combo_2  [1, 1, 1]  [2, 0, 0]

[2 rows x 9 columns]
RangeIndex(start=0, stop=9, step=1)
index Unnamed: 0     N  rho  p  ...          beta          me  beta_list    me_list
25            25  1000  0.9  3  ...  beta_combo_1  me_combo_2  [1, 1, 1]  [2, 0, 0]

[1 rows x 9 columns]
Index(['Unnamed: 0', 'N', 'rho', 'p', 'kappa', 'beta', 'me', 'beta_list',
       'me_list'],
      dtype='object', name='index')
[pca] >Column labels are auto-completed.
[pca] >Row labels are auto-completed.
[pca] >The PCA reduction is performed to capture [95.0%] explained variance using the [3] columns of the input data.
[pca] >Fitting using PCA..
[pca] >Computing loadings and PCs..
[pca] >Computing explained variance..
[pca] >Number of components is [2] that covers the [95.00%] explained variance.
[pca] >Outlier detection using Hotelling T2 test with alpha=[0.05] and n_components=[3]
[pca] >Outlier detection using SPE/DmodX with n_std=[2]
index Unnamed: 0     N  rho  p  ...  ols_true ols_mismeasured       pcr  iv
25            25  1000  0.9  3  ...  0.919015        0.499936 -0.597362 NaN

[1 rows x 13 columns]
completed sims
==========================================
SLURM_JOB_ID = 3001008
SLURM_SUBMIT_DIR = /home/ijyliu/repo/ECMA-31330-Project/Source
SLURM_JOB_NODELIST = mcn31
==========================================
/home/ijyliu/repo/ECMA-31330-Project/Source/ME_Setup.py:104: RuntimeWarning: Degrees of freedom <= 0 for slice
  beta_IV = np.cov(Y, Z)[0,1] / np.cov(mismeasured_X[:, 0].reshape(N, 1), Z)[0,1]
/apps/python/3.6/lib/python3.6/site-packages/numpy/lib/function_base.py:2480: RuntimeWarning: divide by zero encountered in true_divide
  c *= np.true_divide(1, fact)
/apps/python/3.6/lib/python3.6/site-packages/numpy/lib/function_base.py:2480: RuntimeWarning: invalid value encountered in multiply
  c *= np.true_divide(1, fact)
slurm job array number: 26
32_parameter_combos.csv
Unnamed: 0              26
N                     1000
rho                    0.9
p                        3
kappa                  0.1
beta          beta_combo_2
me              me_combo_1
beta_list        [2, 1, 1]
me_list         [10, 0, 0]
Name: 26, dtype: object
                0     1    2  ...           6          7           8
index  Unnamed: 0     N  rho  ...          me  beta_list     me_list
26             26  1000  0.9  ...  me_combo_1  [2, 1, 1]  [10, 0, 0]

[2 rows x 9 columns]
RangeIndex(start=0, stop=9, step=1)
index Unnamed: 0     N  rho  p  ...          beta          me  beta_list     me_list
26            26  1000  0.9  3  ...  beta_combo_2  me_combo_1  [2, 1, 1]  [10, 0, 0]

[1 rows x 9 columns]
Index(['Unnamed: 0', 'N', 'rho', 'p', 'kappa', 'beta', 'me', 'beta_list',
       'me_list'],
      dtype='object', name='index')
[pca] >Column labels are auto-completed.
[pca] >Row labels are auto-completed.
[pca] >The PCA reduction is performed to capture [95.0%] explained variance using the [3] columns of the input data.
[pca] >Fitting using PCA..
[pca] >Computing loadings and PCs..
[pca] >Computing explained variance..
[pca] >Number of components is [2] that covers the [95.00%] explained variance.
[pca] >Outlier detection using Hotelling T2 test with alpha=[0.05] and n_components=[3]
[pca] >Outlier detection using SPE/DmodX with n_std=[2]
index Unnamed: 0     N  rho  p  ...  ols_true ols_mismeasured      pcr  iv
26            26  1000  0.9  3  ...  0.951238        0.266995 -0.65548 NaN

[1 rows x 13 columns]
completed sims
==========================================
SLURM_JOB_ID = 3001009
SLURM_SUBMIT_DIR = /home/ijyliu/repo/ECMA-31330-Project/Source
SLURM_JOB_NODELIST = mcn31
==========================================
/home/ijyliu/repo/ECMA-31330-Project/Source/ME_Setup.py:104: RuntimeWarning: Degrees of freedom <= 0 for slice
  beta_IV = np.cov(Y, Z)[0,1] / np.cov(mismeasured_X[:, 0].reshape(N, 1), Z)[0,1]
/apps/python/3.6/lib/python3.6/site-packages/numpy/lib/function_base.py:2480: RuntimeWarning: divide by zero encountered in true_divide
  c *= np.true_divide(1, fact)
/apps/python/3.6/lib/python3.6/site-packages/numpy/lib/function_base.py:2480: RuntimeWarning: invalid value encountered in multiply
  c *= np.true_divide(1, fact)
slurm job array number: 27
32_parameter_combos.csv
Unnamed: 0              27
N                     1000
rho                    0.9
p                        3
kappa                  0.1
beta          beta_combo_2
me              me_combo_2
beta_list        [2, 1, 1]
me_list          [2, 0, 0]
Name: 27, dtype: object
                0     1    2  3  ...             5           6          7          8
index  Unnamed: 0     N  rho  p  ...          beta          me  beta_list    me_list
27             27  1000  0.9  3  ...  beta_combo_2  me_combo_2  [2, 1, 1]  [2, 0, 0]

[2 rows x 9 columns]
RangeIndex(start=0, stop=9, step=1)
index Unnamed: 0     N  rho  p  ...          beta          me  beta_list    me_list
27            27  1000  0.9  3  ...  beta_combo_2  me_combo_2  [2, 1, 1]  [2, 0, 0]

[1 rows x 9 columns]
Index(['Unnamed: 0', 'N', 'rho', 'p', 'kappa', 'beta', 'me', 'beta_list',
       'me_list'],
      dtype='object', name='index')
[pca] >Column labels are auto-completed.
[pca] >Row labels are auto-completed.
[pca] >The PCA reduction is performed to capture [95.0%] explained variance using the [3] columns of the input data.
[pca] >Fitting using PCA..
[pca] >Computing loadings and PCs..
[pca] >Computing explained variance..
[pca] >Number of components is [2] that covers the [95.00%] explained variance.
[pca] >Outlier detection using Hotelling T2 test with alpha=[0.05] and n_components=[3]
[pca] >Outlier detection using SPE/DmodX with n_std=[2]
index Unnamed: 0     N  rho  p  ...  ols_true ols_mismeasured       pcr  iv
27            27  1000  0.9  3  ...  0.946094        0.568172 -0.616858 NaN

[1 rows x 13 columns]
completed sims
==========================================
SLURM_JOB_ID = 3001010
SLURM_SUBMIT_DIR = /home/ijyliu/repo/ECMA-31330-Project/Source
SLURM_JOB_NODELIST = mcn31
==========================================
/home/ijyliu/repo/ECMA-31330-Project/Source/ME_Setup.py:104: RuntimeWarning: Degrees of freedom <= 0 for slice
  beta_IV = np.cov(Y, Z)[0,1] / np.cov(mismeasured_X[:, 0].reshape(N, 1), Z)[0,1]
/apps/python/3.6/lib/python3.6/site-packages/numpy/lib/function_base.py:2480: RuntimeWarning: divide by zero encountered in true_divide
  c *= np.true_divide(1, fact)
/apps/python/3.6/lib/python3.6/site-packages/numpy/lib/function_base.py:2480: RuntimeWarning: invalid value encountered in multiply
  c *= np.true_divide(1, fact)
slurm job array number: 28
32_parameter_combos.csv
Unnamed: 0              28
N                     1000
rho                    0.9
p                        3
kappa                  0.9
beta          beta_combo_1
me              me_combo_1
beta_list        [1, 1, 1]
me_list         [10, 0, 0]
Name: 28, dtype: object
                0     1    2  ...           6          7           8
index  Unnamed: 0     N  rho  ...          me  beta_list     me_list
28             28  1000  0.9  ...  me_combo_1  [1, 1, 1]  [10, 0, 0]

[2 rows x 9 columns]
RangeIndex(start=0, stop=9, step=1)
index Unnamed: 0     N  rho  p  ...          beta          me  beta_list     me_list
28            28  1000  0.9  3  ...  beta_combo_1  me_combo_1  [1, 1, 1]  [10, 0, 0]

[1 rows x 9 columns]
Index(['Unnamed: 0', 'N', 'rho', 'p', 'kappa', 'beta', 'me', 'beta_list',
       'me_list'],
      dtype='object', name='index')
[pca] >Column labels are auto-completed.
[pca] >Row labels are auto-completed.
[pca] >The PCA reduction is performed to capture [95.0%] explained variance using the [3] columns of the input data.
[pca] >Fitting using PCA..
[pca] >Computing loadings and PCs..
[pca] >Computing explained variance..
[pca] >Number of components is [2] that covers the [95.00%] explained variance.
[pca] >Outlier detection using Hotelling T2 test with alpha=[0.05] and n_components=[3]
[pca] >Outlier detection using SPE/DmodX with n_std=[2]
index Unnamed: 0     N  rho  p  ...  ols_true ols_mismeasured       pcr  iv
28            28  1000  0.9  3  ...  0.917678        0.284266  0.644865 NaN

[1 rows x 13 columns]
completed sims
==========================================
SLURM_JOB_ID = 3001011
SLURM_SUBMIT_DIR = /home/ijyliu/repo/ECMA-31330-Project/Source
SLURM_JOB_NODELIST = mcn31
==========================================
/home/ijyliu/repo/ECMA-31330-Project/Source/ME_Setup.py:104: RuntimeWarning: Degrees of freedom <= 0 for slice
  beta_IV = np.cov(Y, Z)[0,1] / np.cov(mismeasured_X[:, 0].reshape(N, 1), Z)[0,1]
/apps/python/3.6/lib/python3.6/site-packages/numpy/lib/function_base.py:2480: RuntimeWarning: divide by zero encountered in true_divide
  c *= np.true_divide(1, fact)
/apps/python/3.6/lib/python3.6/site-packages/numpy/lib/function_base.py:2480: RuntimeWarning: invalid value encountered in multiply
  c *= np.true_divide(1, fact)
slurm job array number: 29
32_parameter_combos.csv
Unnamed: 0              29
N                     1000
rho                    0.9
p                        3
kappa                  0.9
beta          beta_combo_1
me              me_combo_2
beta_list        [1, 1, 1]
me_list          [2, 0, 0]
Name: 29, dtype: object
                0     1    2  3  ...             5           6          7          8
index  Unnamed: 0     N  rho  p  ...          beta          me  beta_list    me_list
29             29  1000  0.9  3  ...  beta_combo_1  me_combo_2  [1, 1, 1]  [2, 0, 0]

[2 rows x 9 columns]
RangeIndex(start=0, stop=9, step=1)
index Unnamed: 0     N  rho  p  ...          beta          me  beta_list    me_list
29            29  1000  0.9  3  ...  beta_combo_1  me_combo_2  [1, 1, 1]  [2, 0, 0]

[1 rows x 9 columns]
Index(['Unnamed: 0', 'N', 'rho', 'p', 'kappa', 'beta', 'me', 'beta_list',
       'me_list'],
      dtype='object', name='index')
[pca] >Column labels are auto-completed.
[pca] >Row labels are auto-completed.
[pca] >The PCA reduction is performed to capture [95.0%] explained variance using the [3] columns of the input data.
[pca] >Fitting using PCA..
[pca] >Computing loadings and PCs..
[pca] >Computing explained variance..
[pca] >Number of components is [2] that covers the [95.00%] explained variance.
[pca] >Outlier detection using Hotelling T2 test with alpha=[0.05] and n_components=[3]
[pca] >Outlier detection using SPE/DmodX with n_std=[2]
index Unnamed: 0     N  rho  p  ...  ols_true ols_mismeasured       pcr  iv
29            29  1000  0.9  3  ...  0.906539         0.51901 -0.594526 NaN

[1 rows x 13 columns]
completed sims
==========================================
SLURM_JOB_ID = 3000984
SLURM_SUBMIT_DIR = /home/ijyliu/repo/ECMA-31330-Project/Source
SLURM_JOB_NODELIST = mcn01
==========================================
/home/ijyliu/repo/ECMA-31330-Project/Source/ME_Setup.py:104: RuntimeWarning: Degrees of freedom <= 0 for slice
  beta_IV = np.cov(Y, Z)[0,1] / np.cov(mismeasured_X[:, 0].reshape(N, 1), Z)[0,1]
/apps/python/3.6/lib/python3.6/site-packages/numpy/lib/function_base.py:2480: RuntimeWarning: divide by zero encountered in true_divide
  c *= np.true_divide(1, fact)
/apps/python/3.6/lib/python3.6/site-packages/numpy/lib/function_base.py:2480: RuntimeWarning: invalid value encountered in multiply
  c *= np.true_divide(1, fact)
slurm job array number: 2
32_parameter_combos.csv
Unnamed: 0               2
N                      100
rho                    0.8
p                        3
kappa                  0.1
beta          beta_combo_2
me              me_combo_1
beta_list        [2, 1, 1]
me_list         [10, 0, 0]
Name: 2, dtype: object
                0    1    2  3  ...             5           6          7           8
index  Unnamed: 0    N  rho  p  ...          beta          me  beta_list     me_list
2               2  100  0.8  3  ...  beta_combo_2  me_combo_1  [2, 1, 1]  [10, 0, 0]

[2 rows x 9 columns]
RangeIndex(start=0, stop=9, step=1)
index Unnamed: 0    N  rho  p  ...          beta          me  beta_list     me_list
2              2  100  0.8  3  ...  beta_combo_2  me_combo_1  [2, 1, 1]  [10, 0, 0]

[1 rows x 9 columns]
Index(['Unnamed: 0', 'N', 'rho', 'p', 'kappa', 'beta', 'me', 'beta_list',
       'me_list'],
      dtype='object', name='index')
[pca] >Column labels are auto-completed.
[pca] >Row labels are auto-completed.
[pca] >The PCA reduction is performed to capture [95.0%] explained variance using the [3] columns of the input data.
[pca] >Fitting using PCA..
[pca] >Computing loadings and PCs..
[pca] >Computing explained variance..
[pca] >Number of components is [3] that covers the [95.00%] explained variance.
[pca] >Outlier detection using Hotelling T2 test with alpha=[0.05] and n_components=[3]
[pca] >Outlier detection using SPE/DmodX with n_std=[2]
index Unnamed: 0    N  rho  p  ...  ols_true ols_mismeasured       pcr  iv
2              2  100  0.8  3  ...  0.929181        0.203807 -0.647822 NaN

[1 rows x 13 columns]
completed sims
==========================================
SLURM_JOB_ID = 3001012
SLURM_SUBMIT_DIR = /home/ijyliu/repo/ECMA-31330-Project/Source
SLURM_JOB_NODELIST = mcn31
==========================================
/home/ijyliu/repo/ECMA-31330-Project/Source/ME_Setup.py:104: RuntimeWarning: Degrees of freedom <= 0 for slice
  beta_IV = np.cov(Y, Z)[0,1] / np.cov(mismeasured_X[:, 0].reshape(N, 1), Z)[0,1]
/apps/python/3.6/lib/python3.6/site-packages/numpy/lib/function_base.py:2480: RuntimeWarning: divide by zero encountered in true_divide
  c *= np.true_divide(1, fact)
/apps/python/3.6/lib/python3.6/site-packages/numpy/lib/function_base.py:2480: RuntimeWarning: invalid value encountered in multiply
  c *= np.true_divide(1, fact)
slurm job array number: 30
32_parameter_combos.csv
Unnamed: 0              30
N                     1000
rho                    0.9
p                        3
kappa                  0.9
beta          beta_combo_2
me              me_combo_1
beta_list        [2, 1, 1]
me_list         [10, 0, 0]
Name: 30, dtype: object
                0     1    2  ...           6          7           8
index  Unnamed: 0     N  rho  ...          me  beta_list     me_list
30             30  1000  0.9  ...  me_combo_1  [2, 1, 1]  [10, 0, 0]

[2 rows x 9 columns]
RangeIndex(start=0, stop=9, step=1)
index Unnamed: 0     N  rho  p  ...          beta          me  beta_list     me_list
30            30  1000  0.9  3  ...  beta_combo_2  me_combo_1  [2, 1, 1]  [10, 0, 0]

[1 rows x 9 columns]
Index(['Unnamed: 0', 'N', 'rho', 'p', 'kappa', 'beta', 'me', 'beta_list',
       'me_list'],
      dtype='object', name='index')
[pca] >Column labels are auto-completed.
[pca] >Row labels are auto-completed.
[pca] >The PCA reduction is performed to capture [95.0%] explained variance using the [3] columns of the input data.
[pca] >Fitting using PCA..
[pca] >Computing loadings and PCs..
[pca] >Computing explained variance..
[pca] >Number of components is [2] that covers the [95.00%] explained variance.
[pca] >Outlier detection using Hotelling T2 test with alpha=[0.05] and n_components=[3]
[pca] >Outlier detection using SPE/DmodX with n_std=[2]
index Unnamed: 0     N  rho  p  ...  ols_true ols_mismeasured       pcr  iv
30            30  1000  0.9  3  ...  0.948918        0.249331 -0.653296 NaN

[1 rows x 13 columns]
completed sims
==========================================
SLURM_JOB_ID = 3000979
SLURM_SUBMIT_DIR = /home/ijyliu/repo/ECMA-31330-Project/Source
SLURM_JOB_NODELIST = mcn31
==========================================
/home/ijyliu/repo/ECMA-31330-Project/Source/ME_Setup.py:104: RuntimeWarning: Degrees of freedom <= 0 for slice
  beta_IV = np.cov(Y, Z)[0,1] / np.cov(mismeasured_X[:, 0].reshape(N, 1), Z)[0,1]
/apps/python/3.6/lib/python3.6/site-packages/numpy/lib/function_base.py:2480: RuntimeWarning: divide by zero encountered in true_divide
  c *= np.true_divide(1, fact)
/apps/python/3.6/lib/python3.6/site-packages/numpy/lib/function_base.py:2480: RuntimeWarning: invalid value encountered in multiply
  c *= np.true_divide(1, fact)
slurm job array number: 31
32_parameter_combos.csv
Unnamed: 0              31
N                     1000
rho                    0.9
p                        3
kappa                  0.9
beta          beta_combo_2
me              me_combo_2
beta_list        [2, 1, 1]
me_list          [2, 0, 0]
Name: 31, dtype: object
                0     1    2  3  ...             5           6          7          8
index  Unnamed: 0     N  rho  p  ...          beta          me  beta_list    me_list
31             31  1000  0.9  3  ...  beta_combo_2  me_combo_2  [2, 1, 1]  [2, 0, 0]

[2 rows x 9 columns]
RangeIndex(start=0, stop=9, step=1)
index Unnamed: 0     N  rho  p  ...          beta          me  beta_list    me_list
31            31  1000  0.9  3  ...  beta_combo_2  me_combo_2  [2, 1, 1]  [2, 0, 0]

[1 rows x 9 columns]
Index(['Unnamed: 0', 'N', 'rho', 'p', 'kappa', 'beta', 'me', 'beta_list',
       'me_list'],
      dtype='object', name='index')
[pca] >Column labels are auto-completed.
[pca] >Row labels are auto-completed.
[pca] >The PCA reduction is performed to capture [95.0%] explained variance using the [3] columns of the input data.
[pca] >Fitting using PCA..
[pca] >Computing loadings and PCs..
[pca] >Computing explained variance..
[pca] >Number of components is [2] that covers the [95.00%] explained variance.
[pca] >Outlier detection using Hotelling T2 test with alpha=[0.05] and n_components=[3]
[pca] >Outlier detection using SPE/DmodX with n_std=[2]
index Unnamed: 0     N  rho  p  ...  ols_true ols_mismeasured       pcr  iv
31            31  1000  0.9  3  ...  0.942092        0.527835  0.611071 NaN

[1 rows x 13 columns]
completed sims
==========================================
SLURM_JOB_ID = 3000985
SLURM_SUBMIT_DIR = /home/ijyliu/repo/ECMA-31330-Project/Source
SLURM_JOB_NODELIST = mcn01
==========================================
/home/ijyliu/repo/ECMA-31330-Project/Source/ME_Setup.py:104: RuntimeWarning: Degrees of freedom <= 0 for slice
  beta_IV = np.cov(Y, Z)[0,1] / np.cov(mismeasured_X[:, 0].reshape(N, 1), Z)[0,1]
/apps/python/3.6/lib/python3.6/site-packages/numpy/lib/function_base.py:2480: RuntimeWarning: divide by zero encountered in true_divide
  c *= np.true_divide(1, fact)
/apps/python/3.6/lib/python3.6/site-packages/numpy/lib/function_base.py:2480: RuntimeWarning: invalid value encountered in multiply
  c *= np.true_divide(1, fact)
slurm job array number: 3
32_parameter_combos.csv
Unnamed: 0               3
N                      100
rho                    0.8
p                        3
kappa                  0.1
beta          beta_combo_2
me              me_combo_2
beta_list        [2, 1, 1]
me_list          [2, 0, 0]
Name: 3, dtype: object
                0    1    2  3  ...             5           6          7          8
index  Unnamed: 0    N  rho  p  ...          beta          me  beta_list    me_list
3               3  100  0.8  3  ...  beta_combo_2  me_combo_2  [2, 1, 1]  [2, 0, 0]

[2 rows x 9 columns]
RangeIndex(start=0, stop=9, step=1)
index Unnamed: 0    N  rho  p  ...          beta          me  beta_list    me_list
3              3  100  0.8  3  ...  beta_combo_2  me_combo_2  [2, 1, 1]  [2, 0, 0]

[1 rows x 9 columns]
Index(['Unnamed: 0', 'N', 'rho', 'p', 'kappa', 'beta', 'me', 'beta_list',
       'me_list'],
      dtype='object', name='index')
[pca] >Column labels are auto-completed.
[pca] >Row labels are auto-completed.
[pca] >The PCA reduction is performed to capture [95.0%] explained variance using the [3] columns of the input data.
[pca] >Fitting using PCA..
[pca] >Computing loadings and PCs..
[pca] >Computing explained variance..
[pca] >Number of components is [3] that covers the [95.00%] explained variance.
[pca] >Outlier detection using Hotelling T2 test with alpha=[0.05] and n_components=[3]
[pca] >Outlier detection using SPE/DmodX with n_std=[2]
index Unnamed: 0    N  rho  p  ...  ols_true ols_mismeasured       pcr  iv
3              3  100  0.8  3  ...  0.926227        0.482933  0.601177 NaN

[1 rows x 13 columns]
completed sims
==========================================
SLURM_JOB_ID = 3000986
SLURM_SUBMIT_DIR = /home/ijyliu/repo/ECMA-31330-Project/Source
SLURM_JOB_NODELIST = mcn01
==========================================
/home/ijyliu/repo/ECMA-31330-Project/Source/ME_Setup.py:104: RuntimeWarning: Degrees of freedom <= 0 for slice
  beta_IV = np.cov(Y, Z)[0,1] / np.cov(mismeasured_X[:, 0].reshape(N, 1), Z)[0,1]
/apps/python/3.6/lib/python3.6/site-packages/numpy/lib/function_base.py:2480: RuntimeWarning: divide by zero encountered in true_divide
  c *= np.true_divide(1, fact)
/apps/python/3.6/lib/python3.6/site-packages/numpy/lib/function_base.py:2480: RuntimeWarning: invalid value encountered in multiply
  c *= np.true_divide(1, fact)
slurm job array number: 4
32_parameter_combos.csv
Unnamed: 0               4
N                      100
rho                    0.8
p                        3
kappa                  0.9
beta          beta_combo_1
me              me_combo_1
beta_list        [1, 1, 1]
me_list         [10, 0, 0]
Name: 4, dtype: object
                0    1    2  3  ...             5           6          7           8
index  Unnamed: 0    N  rho  p  ...          beta          me  beta_list     me_list
4               4  100  0.8  3  ...  beta_combo_1  me_combo_1  [1, 1, 1]  [10, 0, 0]

[2 rows x 9 columns]
RangeIndex(start=0, stop=9, step=1)
index Unnamed: 0    N  rho  p  ...          beta          me  beta_list     me_list
4              4  100  0.8  3  ...  beta_combo_1  me_combo_1  [1, 1, 1]  [10, 0, 0]

[1 rows x 9 columns]
Index(['Unnamed: 0', 'N', 'rho', 'p', 'kappa', 'beta', 'me', 'beta_list',
       'me_list'],
      dtype='object', name='index')
[pca] >Column labels are auto-completed.
[pca] >Row labels are auto-completed.
[pca] >The PCA reduction is performed to capture [95.0%] explained variance using the [3] columns of the input data.
[pca] >Fitting using PCA..
[pca] >Computing loadings and PCs..
[pca] >Computing explained variance..
[pca] >Number of components is [3] that covers the [95.00%] explained variance.
[pca] >Outlier detection using Hotelling T2 test with alpha=[0.05] and n_components=[3]
[pca] >Outlier detection using SPE/DmodX with n_std=[2]
index Unnamed: 0    N  rho  p  ...  ols_true ols_mismeasured       pcr  iv
4              4  100  0.8  3  ...  0.858081        0.273314 -0.636509 NaN

[1 rows x 13 columns]
completed sims
==========================================
SLURM_JOB_ID = 3000987
SLURM_SUBMIT_DIR = /home/ijyliu/repo/ECMA-31330-Project/Source
SLURM_JOB_NODELIST = mcn01
==========================================
/home/ijyliu/repo/ECMA-31330-Project/Source/ME_Setup.py:104: RuntimeWarning: Degrees of freedom <= 0 for slice
  beta_IV = np.cov(Y, Z)[0,1] / np.cov(mismeasured_X[:, 0].reshape(N, 1), Z)[0,1]
/apps/python/3.6/lib/python3.6/site-packages/numpy/lib/function_base.py:2480: RuntimeWarning: divide by zero encountered in true_divide
  c *= np.true_divide(1, fact)
/apps/python/3.6/lib/python3.6/site-packages/numpy/lib/function_base.py:2480: RuntimeWarning: invalid value encountered in multiply
  c *= np.true_divide(1, fact)
slurm job array number: 5
32_parameter_combos.csv
Unnamed: 0               5
N                      100
rho                    0.8
p                        3
kappa                  0.9
beta          beta_combo_1
me              me_combo_2
beta_list        [1, 1, 1]
me_list          [2, 0, 0]
Name: 5, dtype: object
                0    1    2  3  ...             5           6          7          8
index  Unnamed: 0    N  rho  p  ...          beta          me  beta_list    me_list
5               5  100  0.8  3  ...  beta_combo_1  me_combo_2  [1, 1, 1]  [2, 0, 0]

[2 rows x 9 columns]
RangeIndex(start=0, stop=9, step=1)
index Unnamed: 0    N  rho  p  ...          beta          me  beta_list    me_list
5              5  100  0.8  3  ...  beta_combo_1  me_combo_2  [1, 1, 1]  [2, 0, 0]

[1 rows x 9 columns]
Index(['Unnamed: 0', 'N', 'rho', 'p', 'kappa', 'beta', 'me', 'beta_list',
       'me_list'],
      dtype='object', name='index')
[pca] >Column labels are auto-completed.
[pca] >Row labels are auto-completed.
[pca] >The PCA reduction is performed to capture [95.0%] explained variance using the [3] columns of the input data.
[pca] >Fitting using PCA..
[pca] >Computing loadings and PCs..
[pca] >Computing explained variance..
[pca] >Number of components is [3] that covers the [95.00%] explained variance.
[pca] >Outlier detection using Hotelling T2 test with alpha=[0.05] and n_components=[3]
[pca] >Outlier detection using SPE/DmodX with n_std=[2]
index Unnamed: 0    N  rho  p  ...  ols_true ols_mismeasured       pcr  iv
5              5  100  0.8  3  ...  0.920194        0.459046  0.631138 NaN

[1 rows x 13 columns]
completed sims
==========================================
SLURM_JOB_ID = 3000988
SLURM_SUBMIT_DIR = /home/ijyliu/repo/ECMA-31330-Project/Source
SLURM_JOB_NODELIST = mcn01
==========================================
/home/ijyliu/repo/ECMA-31330-Project/Source/ME_Setup.py:104: RuntimeWarning: Degrees of freedom <= 0 for slice
  beta_IV = np.cov(Y, Z)[0,1] / np.cov(mismeasured_X[:, 0].reshape(N, 1), Z)[0,1]
/apps/python/3.6/lib/python3.6/site-packages/numpy/lib/function_base.py:2480: RuntimeWarning: divide by zero encountered in true_divide
  c *= np.true_divide(1, fact)
/apps/python/3.6/lib/python3.6/site-packages/numpy/lib/function_base.py:2480: RuntimeWarning: invalid value encountered in multiply
  c *= np.true_divide(1, fact)
slurm job array number: 6
32_parameter_combos.csv
Unnamed: 0               6
N                      100
rho                    0.8
p                        3
kappa                  0.9
beta          beta_combo_2
me              me_combo_1
beta_list        [2, 1, 1]
me_list         [10, 0, 0]
Name: 6, dtype: object
                0    1    2  3  ...             5           6          7           8
index  Unnamed: 0    N  rho  p  ...          beta          me  beta_list     me_list
6               6  100  0.8  3  ...  beta_combo_2  me_combo_1  [2, 1, 1]  [10, 0, 0]

[2 rows x 9 columns]
RangeIndex(start=0, stop=9, step=1)
index Unnamed: 0    N  rho  p  ...          beta          me  beta_list     me_list
6              6  100  0.8  3  ...  beta_combo_2  me_combo_1  [2, 1, 1]  [10, 0, 0]

[1 rows x 9 columns]
Index(['Unnamed: 0', 'N', 'rho', 'p', 'kappa', 'beta', 'me', 'beta_list',
       'me_list'],
      dtype='object', name='index')
[pca] >Column labels are auto-completed.
[pca] >Row labels are auto-completed.
[pca] >The PCA reduction is performed to capture [95.0%] explained variance using the [3] columns of the input data.
[pca] >Fitting using PCA..
[pca] >Computing loadings and PCs..
[pca] >Computing explained variance..
[pca] >Number of components is [3] that covers the [95.00%] explained variance.
[pca] >Outlier detection using Hotelling T2 test with alpha=[0.05] and n_components=[3]
[pca] >Outlier detection using SPE/DmodX with n_std=[2]
index Unnamed: 0    N  rho  p  ...  ols_true ols_mismeasured       pcr  iv
6              6  100  0.8  3  ...  0.950013        0.334806 -0.649066 NaN

[1 rows x 13 columns]
completed sims
==========================================
SLURM_JOB_ID = 3000989
SLURM_SUBMIT_DIR = /home/ijyliu/repo/ECMA-31330-Project/Source
SLURM_JOB_NODELIST = mcn01
==========================================
/home/ijyliu/repo/ECMA-31330-Project/Source/ME_Setup.py:104: RuntimeWarning: Degrees of freedom <= 0 for slice
  beta_IV = np.cov(Y, Z)[0,1] / np.cov(mismeasured_X[:, 0].reshape(N, 1), Z)[0,1]
/apps/python/3.6/lib/python3.6/site-packages/numpy/lib/function_base.py:2480: RuntimeWarning: divide by zero encountered in true_divide
  c *= np.true_divide(1, fact)
/apps/python/3.6/lib/python3.6/site-packages/numpy/lib/function_base.py:2480: RuntimeWarning: invalid value encountered in multiply
  c *= np.true_divide(1, fact)
slurm job array number: 7
32_parameter_combos.csv
Unnamed: 0               7
N                      100
rho                    0.8
p                        3
kappa                  0.9
beta          beta_combo_2
me              me_combo_2
beta_list        [2, 1, 1]
me_list          [2, 0, 0]
Name: 7, dtype: object
                0    1    2  3  ...             5           6          7          8
index  Unnamed: 0    N  rho  p  ...          beta          me  beta_list    me_list
7               7  100  0.8  3  ...  beta_combo_2  me_combo_2  [2, 1, 1]  [2, 0, 0]

[2 rows x 9 columns]
RangeIndex(start=0, stop=9, step=1)
index Unnamed: 0    N  rho  p  ...          beta          me  beta_list    me_list
7              7  100  0.8  3  ...  beta_combo_2  me_combo_2  [2, 1, 1]  [2, 0, 0]

[1 rows x 9 columns]
Index(['Unnamed: 0', 'N', 'rho', 'p', 'kappa', 'beta', 'me', 'beta_list',
       'me_list'],
      dtype='object', name='index')
[pca] >Column labels are auto-completed.
[pca] >Row labels are auto-completed.
[pca] >The PCA reduction is performed to capture [95.0%] explained variance using the [3] columns of the input data.
[pca] >Fitting using PCA..
[pca] >Computing loadings and PCs..
[pca] >Computing explained variance..
[pca] >Number of components is [2] that covers the [95.00%] explained variance.
[pca] >Outlier detection using Hotelling T2 test with alpha=[0.05] and n_components=[3]
[pca] >Outlier detection using SPE/DmodX with n_std=[2]
index Unnamed: 0    N  rho  p  ...  ols_true ols_mismeasured       pcr  iv
7              7  100  0.8  3  ...  0.944524        0.482937  0.608768 NaN

[1 rows x 13 columns]
completed sims
==========================================
SLURM_JOB_ID = 3000990
SLURM_SUBMIT_DIR = /home/ijyliu/repo/ECMA-31330-Project/Source
SLURM_JOB_NODELIST = mcn01
==========================================
/home/ijyliu/repo/ECMA-31330-Project/Source/ME_Setup.py:104: RuntimeWarning: Degrees of freedom <= 0 for slice
  beta_IV = np.cov(Y, Z)[0,1] / np.cov(mismeasured_X[:, 0].reshape(N, 1), Z)[0,1]
/apps/python/3.6/lib/python3.6/site-packages/numpy/lib/function_base.py:2480: RuntimeWarning: divide by zero encountered in true_divide
  c *= np.true_divide(1, fact)
/apps/python/3.6/lib/python3.6/site-packages/numpy/lib/function_base.py:2480: RuntimeWarning: invalid value encountered in multiply
  c *= np.true_divide(1, fact)
slurm job array number: 8
32_parameter_combos.csv
Unnamed: 0               8
N                      100
rho                    0.9
p                        3
kappa                  0.1
beta          beta_combo_1
me              me_combo_1
beta_list        [1, 1, 1]
me_list         [10, 0, 0]
Name: 8, dtype: object
                0    1    2  3  ...             5           6          7           8
index  Unnamed: 0    N  rho  p  ...          beta          me  beta_list     me_list
8               8  100  0.9  3  ...  beta_combo_1  me_combo_1  [1, 1, 1]  [10, 0, 0]

[2 rows x 9 columns]
RangeIndex(start=0, stop=9, step=1)
index Unnamed: 0    N  rho  p  ...          beta          me  beta_list     me_list
8              8  100  0.9  3  ...  beta_combo_1  me_combo_1  [1, 1, 1]  [10, 0, 0]

[1 rows x 9 columns]
Index(['Unnamed: 0', 'N', 'rho', 'p', 'kappa', 'beta', 'me', 'beta_list',
       'me_list'],
      dtype='object', name='index')
[pca] >Column labels are auto-completed.
[pca] >Row labels are auto-completed.
[pca] >The PCA reduction is performed to capture [95.0%] explained variance using the [3] columns of the input data.
[pca] >Fitting using PCA..
[pca] >Computing loadings and PCs..
[pca] >Computing explained variance..
[pca] >Number of components is [2] that covers the [95.00%] explained variance.
[pca] >Outlier detection using Hotelling T2 test with alpha=[0.05] and n_components=[3]
[pca] >Outlier detection using SPE/DmodX with n_std=[2]
index Unnamed: 0    N  rho  p  ...  ols_true ols_mismeasured       pcr  iv
8              8  100  0.9  3  ...  0.933131        0.307536 -0.643364 NaN

[1 rows x 13 columns]
completed sims
==========================================
SLURM_JOB_ID = 3000991
SLURM_SUBMIT_DIR = /home/ijyliu/repo/ECMA-31330-Project/Source
SLURM_JOB_NODELIST = mcn01
==========================================
/home/ijyliu/repo/ECMA-31330-Project/Source/ME_Setup.py:104: RuntimeWarning: Degrees of freedom <= 0 for slice
  beta_IV = np.cov(Y, Z)[0,1] / np.cov(mismeasured_X[:, 0].reshape(N, 1), Z)[0,1]
/apps/python/3.6/lib/python3.6/site-packages/numpy/lib/function_base.py:2480: RuntimeWarning: divide by zero encountered in true_divide
  c *= np.true_divide(1, fact)
/apps/python/3.6/lib/python3.6/site-packages/numpy/lib/function_base.py:2480: RuntimeWarning: invalid value encountered in multiply
  c *= np.true_divide(1, fact)
slurm job array number: 9
32_parameter_combos.csv
Unnamed: 0               9
N                      100
rho                    0.9
p                        3
kappa                  0.1
beta          beta_combo_1
me              me_combo_2
beta_list        [1, 1, 1]
me_list          [2, 0, 0]
Name: 9, dtype: object
                0    1    2  3  ...             5           6          7          8
index  Unnamed: 0    N  rho  p  ...          beta          me  beta_list    me_list
9               9  100  0.9  3  ...  beta_combo_1  me_combo_2  [1, 1, 1]  [2, 0, 0]

[2 rows x 9 columns]
RangeIndex(start=0, stop=9, step=1)
index Unnamed: 0    N  rho  p  ...          beta          me  beta_list    me_list
9              9  100  0.9  3  ...  beta_combo_1  me_combo_2  [1, 1, 1]  [2, 0, 0]

[1 rows x 9 columns]
Index(['Unnamed: 0', 'N', 'rho', 'p', 'kappa', 'beta', 'me', 'beta_list',
       'me_list'],
      dtype='object', name='index')
[pca] >Column labels are auto-completed.
[pca] >Row labels are auto-completed.
[pca] >The PCA reduction is performed to capture [95.0%] explained variance using the [3] columns of the input data.
[pca] >Fitting using PCA..
[pca] >Computing loadings and PCs..
[pca] >Computing explained variance..
[pca] >Number of components is [2] that covers the [95.00%] explained variance.
[pca] >Outlier detection using Hotelling T2 test with alpha=[0.05] and n_components=[3]
[pca] >Outlier detection using SPE/DmodX with n_std=[2]
index Unnamed: 0    N  rho  p  ...  ols_true ols_mismeasured       pcr  iv
9              9  100  0.9  3  ...  0.925782        0.509882  0.613742 NaN

[1 rows x 13 columns]
completed sims
